2020-10-18 14:16:11 | [INFO]    | Discordia 2.8.4
2020-10-18 14:16:11 | [INFO]    | Connecting to Discord...
2020-10-18 14:16:11 | [INFO]    | Authenticated as RDCards#2517
2020-10-18 14:16:11 | [INFO]    | Launching shard 0 (1 out of 1)...
2020-10-18 14:16:11 | [INFO]    | Shard 0 : Connected to wss://gateway.discord.gg
2020-10-18 14:16:11 | [INFO]    | Shard 0 : Received HELLO
2020-10-18 14:16:11 | [INFO]    | Shard 0 : Received READY
2020-10-18 14:46:08 | [INFO]    | Discordia 2.8.4
2020-10-18 14:46:08 | [INFO]    | Connecting to Discord...
2020-10-18 14:46:08 | [INFO]    | Authenticated as RDCards#2517
2020-10-18 14:46:08 | [INFO]    | Launching shard 0 (1 out of 1)...
2020-10-18 14:46:08 | [INFO]    | Shard 0 : Connected to wss://gateway.discord.gg
2020-10-18 14:46:08 | [INFO]    | Shard 0 : Received HELLO
2020-10-18 14:46:08 | [INFO]    | Shard 0 : Received READY
2020-10-18 14:59:44 | [INFO]    | Discordia 2.8.4
2020-10-18 14:59:44 | [INFO]    | Connecting to Discord...
2020-10-18 14:59:44 | [INFO]    | Authenticated as RDCards#2517
2020-10-18 14:59:44 | [INFO]    | Launching shard 0 (1 out of 1)...
2020-10-18 14:59:44 | [INFO]    | Shard 0 : Connected to wss://gateway.discord.gg
2020-10-18 14:59:44 | [INFO]    | Shard 0 : Received HELLO
2020-10-18 14:59:44 | [INFO]    | Shard 0 : Received READY
2020-10-18 15:00:01 | [INFO]    | Discordia 2.8.4
2020-10-18 15:00:01 | [INFO]    | Connecting to Discord...
2020-10-18 15:00:01 | [INFO]    | Authenticated as RDCards#2517
2020-10-18 15:00:01 | [INFO]    | Launching shard 0 (1 out of 1)...
2020-10-18 15:00:01 | [INFO]    | Shard 0 : Connected to wss://gateway.discord.gg
2020-10-18 15:00:01 | [INFO]    | Shard 0 : Received HELLO
2020-10-18 15:00:01 | [INFO]    | Shard 0 : Received READY
2020-10-18 15:00:16 | [INFO]    | Discordia 2.8.4
2020-10-18 15:00:16 | [INFO]    | Connecting to Discord...
2020-10-18 15:00:16 | [INFO]    | Authenticated as RDCards#2517
2020-10-18 15:00:16 | [INFO]    | Launching shard 0 (1 out of 1)...
2020-10-18 15:00:16 | [INFO]    | Shard 0 : Connected to wss://gateway.discord.gg
2020-10-18 15:00:16 | [INFO]    | Shard 0 : Received HELLO
2020-10-18 15:00:16 | [INFO]    | Shard 0 : Received READY
2020-10-18 15:03:02 | [INFO]    | Discordia 2.8.4
2020-10-18 15:03:02 | [INFO]    | Connecting to Discord...
2020-10-18 15:03:02 | [INFO]    | Authenticated as RDCards#2517
2020-10-18 15:03:02 | [INFO]    | Launching shard 0 (1 out of 1)...
2020-10-18 15:03:02 | [INFO]    | Shard 0 : Connected to wss://gateway.discord.gg
2020-10-18 15:03:02 | [INFO]    | Shard 0 : Received HELLO
2020-10-18 15:03:03 | [INFO]    | Shard 0 : Received READY
2020-10-18 15:03:12 | [INFO]    | Discordia 2.8.4
2020-10-18 15:03:12 | [INFO]    | Connecting to Discord...
2020-10-18 15:03:13 | [INFO]    | Authenticated as RDCards#2517
2020-10-18 15:03:13 | [INFO]    | Launching shard 0 (1 out of 1)...
2020-10-18 15:03:13 | [INFO]    | Shard 0 : Connected to wss://gateway.discord.gg
2020-10-18 15:03:13 | [INFO]    | Shard 0 : Received HELLO
2020-10-18 15:03:13 | [INFO]    | Shard 0 : Received READY
2020-10-18 15:03:31 | [INFO]    | Discordia 2.8.4
2020-10-18 15:03:31 | [INFO]    | Connecting to Discord...
2020-10-18 15:03:31 | [INFO]    | Authenticated as RDCards#2517
2020-10-18 15:03:31 | [INFO]    | Launching shard 0 (1 out of 1)...
2020-10-18 15:03:31 | [INFO]    | Shard 0 : Connected to wss://gateway.discord.gg
2020-10-18 15:03:31 | [INFO]    | Shard 0 : Received HELLO
2020-10-18 15:03:31 | [INFO]    | Shard 0 : Received READY
2020-10-18 15:05:16 | [INFO]    | Discordia 2.8.4
2020-10-18 15:05:16 | [INFO]    | Connecting to Discord...
2020-10-18 15:05:16 | [INFO]    | Authenticated as RDCards#2517
2020-10-18 15:05:16 | [INFO]    | Launching shard 0 (1 out of 1)...
2020-10-18 15:05:16 | [INFO]    | Shard 0 : Connected to wss://gateway.discord.gg
2020-10-18 15:05:16 | [INFO]    | Shard 0 : Received HELLO
2020-10-18 15:05:16 | [INFO]    | Shard 0 : Received READY
2020-10-18 15:08:47 | [INFO]    | Discordia 2.8.4
2020-10-18 15:08:47 | [INFO]    | Connecting to Discord...
2020-10-18 15:08:47 | [INFO]    | Authenticated as RDCards#2517
2020-10-18 15:08:47 | [INFO]    | Launching shard 0 (1 out of 1)...
2020-10-18 15:08:47 | [INFO]    | Shard 0 : Connected to wss://gateway.discord.gg
2020-10-18 15:08:47 | [INFO]    | Shard 0 : Received HELLO
2020-10-18 15:08:47 | [INFO]    | Shard 0 : Received READY
2020-10-18 15:09:26 | [INFO]    | Discordia 2.8.4
2020-10-18 15:09:26 | [INFO]    | Connecting to Discord...
2020-10-18 15:09:26 | [INFO]    | Authenticated as RDCards#2517
2020-10-18 15:09:26 | [INFO]    | Launching shard 0 (1 out of 1)...
2020-10-18 15:09:26 | [INFO]    | Shard 0 : Connected to wss://gateway.discord.gg
2020-10-18 15:09:26 | [INFO]    | Shard 0 : Received HELLO
2020-10-18 15:09:26 | [INFO]    | Shard 0 : Received READY
2020-10-18 15:12:34 | [INFO]    | Discordia 2.8.4
2020-10-18 15:12:34 | [INFO]    | Connecting to Discord...
2020-10-18 15:12:34 | [INFO]    | Authenticated as RDCards#2517
2020-10-18 15:12:34 | [INFO]    | Launching shard 0 (1 out of 1)...
2020-10-18 15:12:34 | [INFO]    | Shard 0 : Connected to wss://gateway.discord.gg
2020-10-18 15:12:34 | [INFO]    | Shard 0 : Received HELLO
2020-10-18 15:12:34 | [INFO]    | Shard 0 : Received READY
2020-10-18 15:13:22 | [INFO]    | Discordia 2.8.4
2020-10-18 15:13:22 | [INFO]    | Connecting to Discord...
2020-10-18 15:13:22 | [INFO]    | Authenticated as RDCards#2517
2020-10-18 15:13:22 | [INFO]    | Launching shard 0 (1 out of 1)...
2020-10-18 15:13:22 | [INFO]    | Shard 0 : Connected to wss://gateway.discord.gg
2020-10-18 15:13:22 | [INFO]    | Shard 0 : Received HELLO
2020-10-18 15:13:22 | [INFO]    | Shard 0 : Received READY
2020-10-18 17:32:06 | [INFO]    | Discordia 2.8.4
2020-10-18 17:32:06 | [INFO]    | Connecting to Discord...
2020-10-18 17:32:07 | [INFO]    | Authenticated as RDCards#2517
2020-10-18 17:32:07 | [INFO]    | Launching shard 0 (1 out of 1)...
2020-10-18 17:32:07 | [INFO]    | Shard 0 : Connected to wss://gateway.discord.gg
2020-10-18 17:32:07 | [INFO]    | Shard 0 : Received HELLO
2020-10-18 17:32:07 | [INFO]    | Shard 0 : Received READY
2020-10-18 17:54:46 | [INFO]    | Discordia 2.8.4
2020-10-18 17:54:46 | [INFO]    | Connecting to Discord...
2020-10-18 17:54:46 | [INFO]    | Authenticated as RDCards#2517
2020-10-18 17:54:46 | [INFO]    | Launching shard 0 (1 out of 1)...
2020-10-18 17:54:46 | [INFO]    | Shard 0 : Connected to wss://gateway.discord.gg
2020-10-18 17:54:46 | [INFO]    | Shard 0 : Received HELLO
2020-10-18 17:54:46 | [INFO]    | Shard 0 : Received READY
2020-10-18 17:54:51 | [INFO]    | Discordia 2.8.4
2020-10-18 17:54:51 | [INFO]    | Connecting to Discord...
2020-10-18 17:54:51 | [INFO]    | Authenticated as RDCards#2517
2020-10-18 17:54:51 | [INFO]    | Launching shard 0 (1 out of 1)...
2020-10-18 17:54:51 | [INFO]    | Shard 0 : Connected to wss://gateway.discord.gg
2020-10-18 17:54:51 | [INFO]    | Shard 0 : Received HELLO
2020-10-18 17:54:51 | [INFO]    | Shard 0 : Session invalidated, re-identifying...
2020-10-18 18:03:06 | [INFO]    | Discordia 2.8.4
2020-10-18 18:03:06 | [INFO]    | Connecting to Discord...
2020-10-18 18:03:06 | [INFO]    | Authenticated as RDCards#2517
2020-10-18 18:03:06 | [INFO]    | Launching shard 0 (1 out of 1)...
2020-10-18 18:03:06 | [INFO]    | Shard 0 : Connected to wss://gateway.discord.gg
2020-10-18 18:03:06 | [INFO]    | Shard 0 : Received HELLO
2020-10-18 18:03:06 | [INFO]    | Shard 0 : Received READY
2020-10-18 18:21:10 | [INFO]    | Discordia 2.8.4
2020-10-18 18:21:10 | [INFO]    | Connecting to Discord...
2020-10-18 18:21:10 | [INFO]    | Authenticated as RDCards#2517
2020-10-18 18:21:10 | [INFO]    | Launching shard 0 (1 out of 1)...
2020-10-18 18:21:10 | [INFO]    | Shard 0 : Connected to wss://gateway.discord.gg
2020-10-18 18:21:10 | [INFO]    | Shard 0 : Received HELLO
2020-10-18 18:21:10 | [INFO]    | Shard 0 : Received READY
2020-10-18 18:22:08 | [INFO]    | Discordia 2.8.4
2020-10-18 18:22:08 | [INFO]    | Connecting to Discord...
2020-10-18 18:22:08 | [INFO]    | Authenticated as RDCards#2517
2020-10-18 18:22:08 | [INFO]    | Launching shard 0 (1 out of 1)...
2020-10-18 18:22:08 | [INFO]    | Shard 0 : Connected to wss://gateway.discord.gg
2020-10-18 18:22:08 | [INFO]    | Shard 0 : Received HELLO
2020-10-18 18:22:08 | [INFO]    | Shard 0 : Received READY
2020-10-18 18:22:57 | [INFO]    | Discordia 2.8.4
2020-10-18 18:22:57 | [INFO]    | Connecting to Discord...
2020-10-18 18:22:57 | [INFO]    | Authenticated as RDCards#2517
2020-10-18 18:22:57 | [INFO]    | Launching shard 0 (1 out of 1)...
2020-10-18 18:22:58 | [INFO]    | Shard 0 : Connected to wss://gateway.discord.gg
2020-10-18 18:22:58 | [INFO]    | Shard 0 : Received HELLO
2020-10-18 18:22:58 | [INFO]    | Shard 0 : Received READY
2020-10-18 18:23:23 | [INFO]    | Discordia 2.8.4
2020-10-18 18:23:23 | [INFO]    | Connecting to Discord...
2020-10-18 18:23:23 | [INFO]    | Authenticated as RDCards#2517
2020-10-18 18:23:23 | [INFO]    | Launching shard 0 (1 out of 1)...
2020-10-18 18:23:23 | [INFO]    | Shard 0 : Connected to wss://gateway.discord.gg
2020-10-18 18:23:23 | [INFO]    | Shard 0 : Received HELLO
2020-10-18 18:23:23 | [INFO]    | Shard 0 : Received READY
2020-10-18 18:23:52 | [INFO]    | Discordia 2.8.4
2020-10-18 18:23:52 | [INFO]    | Connecting to Discord...
2020-10-18 18:23:53 | [INFO]    | Authenticated as RDCards#2517
2020-10-18 18:23:53 | [INFO]    | Launching shard 0 (1 out of 1)...
2020-10-18 18:23:53 | [INFO]    | Shard 0 : Connected to wss://gateway.discord.gg
2020-10-18 18:23:53 | [INFO]    | Shard 0 : Received HELLO
2020-10-18 18:23:53 | [INFO]    | Shard 0 : Received READY
2020-10-18 18:26:50 | [INFO]    | Discordia 2.8.4
2020-10-18 18:26:50 | [INFO]    | Connecting to Discord...
2020-10-18 18:26:50 | [INFO]    | Authenticated as RDCards#2517
2020-10-18 18:26:50 | [INFO]    | Launching shard 0 (1 out of 1)...
2020-10-18 18:26:50 | [INFO]    | Shard 0 : Connected to wss://gateway.discord.gg
2020-10-18 18:26:50 | [INFO]    | Shard 0 : Received HELLO
2020-10-18 18:26:50 | [INFO]    | Shard 0 : Received READY
2020-10-18 18:51:52 | [INFO]    | Discordia 2.8.4
2020-10-18 18:51:52 | [INFO]    | Connecting to Discord...
2020-10-18 18:51:52 | [INFO]    | Authenticated as RDCards#2517
2020-10-18 18:51:52 | [INFO]    | Launching shard 0 (1 out of 1)...
2020-10-18 18:51:52 | [INFO]    | Shard 0 : Connected to wss://gateway.discord.gg
2020-10-18 18:51:52 | [INFO]    | Shard 0 : Received HELLO
2020-10-18 18:51:52 | [INFO]    | Shard 0 : Received READY
2020-10-18 18:52:59 | [INFO]    | Discordia 2.8.4
2020-10-18 18:52:59 | [INFO]    | Connecting to Discord...
2020-10-18 18:52:59 | [INFO]    | Authenticated as RDCards#2517
2020-10-18 18:52:59 | [INFO]    | Launching shard 0 (1 out of 1)...
2020-10-18 18:52:59 | [INFO]    | Shard 0 : Connected to wss://gateway.discord.gg
2020-10-18 18:52:59 | [INFO]    | Shard 0 : Received HELLO
2020-10-18 18:52:59 | [INFO]    | Shard 0 : Received READY
2020-10-18 18:56:17 | [INFO]    | Discordia 2.8.4
2020-10-18 18:56:17 | [INFO]    | Connecting to Discord...
2020-10-18 18:56:17 | [INFO]    | Authenticated as RDCards#2517
2020-10-18 18:56:17 | [INFO]    | Launching shard 0 (1 out of 1)...
2020-10-18 18:56:17 | [INFO]    | Shard 0 : Connected to wss://gateway.discord.gg
2020-10-18 18:56:17 | [INFO]    | Shard 0 : Received HELLO
2020-10-18 18:56:17 | [INFO]    | Shard 0 : Received READY
2020-10-18 18:56:56 | [INFO]    | Discordia 2.8.4
2020-10-18 18:56:56 | [INFO]    | Connecting to Discord...
2020-10-18 18:56:56 | [INFO]    | Authenticated as RDCards#2517
2020-10-18 18:56:56 | [INFO]    | Launching shard 0 (1 out of 1)...
2020-10-18 18:56:56 | [INFO]    | Shard 0 : Connected to wss://gateway.discord.gg
2020-10-18 18:56:56 | [INFO]    | Shard 0 : Received HELLO
2020-10-18 18:56:57 | [INFO]    | Shard 0 : Received READY
2020-10-18 19:02:42 | [INFO]    | Discordia 2.8.4
2020-10-18 19:02:42 | [INFO]    | Connecting to Discord...
2020-10-18 19:02:42 | [INFO]    | Authenticated as RDCards#2517
2020-10-18 19:02:42 | [INFO]    | Launching shard 0 (1 out of 1)...
2020-10-18 19:02:42 | [INFO]    | Shard 0 : Connected to wss://gateway.discord.gg
2020-10-18 19:02:42 | [INFO]    | Shard 0 : Received HELLO
2020-10-18 19:02:42 | [INFO]    | Shard 0 : Received READY
2020-10-18 19:03:12 | [INFO]    | Discordia 2.8.4
2020-10-18 19:03:12 | [INFO]    | Connecting to Discord...
2020-10-18 19:03:12 | [INFO]    | Authenticated as RDCards#2517
2020-10-18 19:03:12 | [INFO]    | Launching shard 0 (1 out of 1)...
2020-10-18 19:03:12 | [INFO]    | Shard 0 : Connected to wss://gateway.discord.gg
2020-10-18 19:03:12 | [INFO]    | Shard 0 : Received HELLO
2020-10-18 19:03:12 | [INFO]    | Shard 0 : Received READY
2020-10-18 19:03:59 | [INFO]    | Discordia 2.8.4
2020-10-18 19:03:59 | [INFO]    | Connecting to Discord...
2020-10-18 19:03:59 | [INFO]    | Authenticated as RDCards#2517
2020-10-18 19:03:59 | [INFO]    | Launching shard 0 (1 out of 1)...
2020-10-18 19:03:59 | [INFO]    | Shard 0 : Connected to wss://gateway.discord.gg
2020-10-18 19:03:59 | [INFO]    | Shard 0 : Received HELLO
2020-10-18 19:03:59 | [INFO]    | Shard 0 : Received READY
2020-10-18 19:05:04 | [INFO]    | Discordia 2.8.4
2020-10-18 19:05:04 | [INFO]    | Connecting to Discord...
2020-10-18 19:05:04 | [INFO]    | Authenticated as RDCards#2517
2020-10-18 19:05:04 | [INFO]    | Launching shard 0 (1 out of 1)...
2020-10-18 19:05:04 | [INFO]    | Shard 0 : Connected to wss://gateway.discord.gg
2020-10-18 19:05:04 | [INFO]    | Shard 0 : Received HELLO
2020-10-18 19:05:04 | [INFO]    | Shard 0 : Received READY
2020-10-18 19:06:12 | [INFO]    | Discordia 2.8.4
2020-10-18 19:06:12 | [INFO]    | Connecting to Discord...
2020-10-18 19:06:12 | [INFO]    | Authenticated as RDCards#2517
2020-10-18 19:06:12 | [INFO]    | Launching shard 0 (1 out of 1)...
2020-10-18 19:06:12 | [INFO]    | Shard 0 : Connected to wss://gateway.discord.gg
2020-10-18 19:06:12 | [INFO]    | Shard 0 : Received HELLO
2020-10-18 19:06:12 | [INFO]    | Shard 0 : Received READY
2020-10-18 19:07:34 | [INFO]    | Discordia 2.8.4
2020-10-18 19:07:34 | [INFO]    | Connecting to Discord...
2020-10-18 19:07:34 | [INFO]    | Authenticated as RDCards#2517
2020-10-18 19:07:34 | [INFO]    | Launching shard 0 (1 out of 1)...
2020-10-18 19:07:34 | [INFO]    | Shard 0 : Connected to wss://gateway.discord.gg
2020-10-18 19:07:34 | [INFO]    | Shard 0 : Received HELLO
2020-10-18 19:07:34 | [INFO]    | Shard 0 : Received READY
2020-10-18 19:08:12 | [INFO]    | Discordia 2.8.4
2020-10-18 19:08:12 | [INFO]    | Connecting to Discord...
2020-10-18 19:08:12 | [INFO]    | Authenticated as RDCards#2517
2020-10-18 19:08:12 | [INFO]    | Launching shard 0 (1 out of 1)...
2020-10-18 19:08:12 | [INFO]    | Shard 0 : Connected to wss://gateway.discord.gg
2020-10-18 19:08:12 | [INFO]    | Shard 0 : Received HELLO
2020-10-18 19:08:12 | [INFO]    | Shard 0 : Received READY
2020-10-18 19:10:32 | [INFO]    | Discordia 2.8.4
2020-10-18 19:10:32 | [INFO]    | Connecting to Discord...
2020-10-18 19:10:32 | [INFO]    | Authenticated as RDCards#2517
2020-10-18 19:10:32 | [INFO]    | Launching shard 0 (1 out of 1)...
2020-10-18 19:10:33 | [INFO]    | Shard 0 : Connected to wss://gateway.discord.gg
2020-10-18 19:10:33 | [INFO]    | Shard 0 : Received HELLO
2020-10-18 19:10:33 | [INFO]    | Shard 0 : Received READY
2020-10-18 19:11:16 | [INFO]    | Discordia 2.8.4
2020-10-18 19:11:16 | [INFO]    | Connecting to Discord...
2020-10-18 19:11:16 | [INFO]    | Authenticated as RDCards#2517
2020-10-18 19:11:16 | [INFO]    | Launching shard 0 (1 out of 1)...
2020-10-18 19:11:16 | [INFO]    | Shard 0 : Connected to wss://gateway.discord.gg
2020-10-18 19:11:16 | [INFO]    | Shard 0 : Received HELLO
2020-10-18 19:11:16 | [INFO]    | Shard 0 : Received READY
2020-10-18 19:13:01 | [INFO]    | Discordia 2.8.4
2020-10-18 19:13:01 | [INFO]    | Connecting to Discord...
2020-10-18 19:13:01 | [INFO]    | Authenticated as RDCards#2517
2020-10-18 19:13:01 | [INFO]    | Launching shard 0 (1 out of 1)...
2020-10-18 19:13:01 | [INFO]    | Shard 0 : Connected to wss://gateway.discord.gg
2020-10-18 19:13:01 | [INFO]    | Shard 0 : Received HELLO
2020-10-18 19:13:01 | [INFO]    | Shard 0 : Received READY
2020-10-18 19:13:27 | [INFO]    | Discordia 2.8.4
2020-10-18 19:13:27 | [INFO]    | Connecting to Discord...
2020-10-18 19:13:27 | [INFO]    | Authenticated as RDCards#2517
2020-10-18 19:13:27 | [INFO]    | Launching shard 0 (1 out of 1)...
2020-10-18 19:13:27 | [INFO]    | Shard 0 : Connected to wss://gateway.discord.gg
2020-10-18 19:13:27 | [INFO]    | Shard 0 : Received HELLO
2020-10-18 19:13:27 | [INFO]    | Shard 0 : Received READY
2020-10-18 19:13:57 | [INFO]    | Discordia 2.8.4
2020-10-18 19:13:57 | [INFO]    | Connecting to Discord...
2020-10-18 19:13:57 | [INFO]    | Authenticated as RDCards#2517
2020-10-18 19:13:57 | [INFO]    | Launching shard 0 (1 out of 1)...
2020-10-18 19:13:57 | [INFO]    | Shard 0 : Connected to wss://gateway.discord.gg
2020-10-18 19:13:57 | [INFO]    | Shard 0 : Received HELLO
2020-10-18 19:13:57 | [INFO]    | Shard 0 : Received READY
2020-10-18 19:14:23 | [INFO]    | Discordia 2.8.4
2020-10-18 19:14:23 | [INFO]    | Connecting to Discord...
2020-10-18 19:14:23 | [INFO]    | Authenticated as RDCards#2517
2020-10-18 19:14:23 | [INFO]    | Launching shard 0 (1 out of 1)...
2020-10-18 19:14:24 | [INFO]    | Shard 0 : Connected to wss://gateway.discord.gg
2020-10-18 19:14:24 | [INFO]    | Shard 0 : Received HELLO
2020-10-18 19:14:24 | [INFO]    | Shard 0 : Received READY
2020-10-18 19:14:44 | [INFO]    | Discordia 2.8.4
2020-10-18 19:14:44 | [INFO]    | Connecting to Discord...
2020-10-18 19:14:44 | [INFO]    | Authenticated as RDCards#2517
2020-10-18 19:14:44 | [INFO]    | Launching shard 0 (1 out of 1)...
2020-10-18 19:14:44 | [INFO]    | Shard 0 : Connected to wss://gateway.discord.gg
2020-10-18 19:14:44 | [INFO]    | Shard 0 : Received HELLO
2020-10-18 19:14:44 | [INFO]    | Shard 0 : Received READY
2020-10-18 19:15:31 | [INFO]    | Discordia 2.8.4
2020-10-18 19:15:31 | [INFO]    | Connecting to Discord...
2020-10-18 19:15:31 | [INFO]    | Authenticated as RDCards#2517
2020-10-18 19:15:31 | [INFO]    | Launching shard 0 (1 out of 1)...
2020-10-18 19:15:31 | [INFO]    | Shard 0 : Connected to wss://gateway.discord.gg
2020-10-18 19:15:31 | [INFO]    | Shard 0 : Received HELLO
2020-10-18 19:15:31 | [INFO]    | Shard 0 : Received READY
2020-10-18 19:16:06 | [INFO]    | Discordia 2.8.4
2020-10-18 19:16:06 | [INFO]    | Connecting to Discord...
2020-10-18 19:16:06 | [INFO]    | Authenticated as RDCards#2517
2020-10-18 19:16:06 | [INFO]    | Launching shard 0 (1 out of 1)...
2020-10-18 19:16:06 | [INFO]    | Shard 0 : Connected to wss://gateway.discord.gg
2020-10-18 19:16:06 | [INFO]    | Shard 0 : Received HELLO
2020-10-18 19:16:06 | [INFO]    | Shard 0 : Received READY
2020-10-18 19:16:45 | [INFO]    | Discordia 2.8.4
2020-10-18 19:16:45 | [INFO]    | Connecting to Discord...
2020-10-18 19:16:45 | [INFO]    | Authenticated as RDCards#2517
2020-10-18 19:16:45 | [INFO]    | Launching shard 0 (1 out of 1)...
2020-10-18 19:16:45 | [INFO]    | Shard 0 : Connected to wss://gateway.discord.gg
2020-10-18 19:16:45 | [INFO]    | Shard 0 : Received HELLO
2020-10-18 19:16:45 | [INFO]    | Shard 0 : Received READY
2020-10-18 19:17:16 | [INFO]    | Discordia 2.8.4
2020-10-18 19:17:16 | [INFO]    | Connecting to Discord...
2020-10-18 19:17:16 | [INFO]    | Authenticated as RDCards#2517
2020-10-18 19:17:16 | [INFO]    | Launching shard 0 (1 out of 1)...
2020-10-18 19:17:16 | [INFO]    | Shard 0 : Connected to wss://gateway.discord.gg
2020-10-18 19:17:16 | [INFO]    | Shard 0 : Received HELLO
2020-10-18 19:17:16 | [INFO]    | Shard 0 : Received READY
2020-10-18 19:17:32 | [INFO]    | Discordia 2.8.4
2020-10-18 19:17:32 | [INFO]    | Connecting to Discord...
2020-10-18 19:17:33 | [INFO]    | Authenticated as RDCards#2517
2020-10-18 19:17:33 | [INFO]    | Launching shard 0 (1 out of 1)...
2020-10-18 19:17:33 | [INFO]    | Shard 0 : Connected to wss://gateway.discord.gg
2020-10-18 19:17:33 | [INFO]    | Shard 0 : Received HELLO
2020-10-18 19:17:33 | [INFO]    | Shard 0 : Received READY
2020-10-18 19:21:11 | [INFO]    | Discordia 2.8.4
2020-10-18 19:21:11 | [INFO]    | Connecting to Discord...
2020-10-18 19:21:11 | [INFO]    | Authenticated as RDCards#2517
2020-10-18 19:21:11 | [INFO]    | Launching shard 0 (1 out of 1)...
2020-10-18 19:21:11 | [INFO]    | Shard 0 : Connected to wss://gateway.discord.gg
2020-10-18 19:21:11 | [INFO]    | Shard 0 : Received HELLO
2020-10-18 19:21:11 | [INFO]    | Shard 0 : Received READY
2020-10-18 19:30:11 | [INFO]    | Discordia 2.8.4
2020-10-18 19:30:11 | [INFO]    | Connecting to Discord...
2020-10-18 19:30:11 | [INFO]    | Authenticated as RDCards#2517
2020-10-18 19:30:11 | [INFO]    | Launching shard 0 (1 out of 1)...
2020-10-18 19:30:11 | [INFO]    | Shard 0 : Connected to wss://gateway.discord.gg
2020-10-18 19:30:11 | [INFO]    | Shard 0 : Received HELLO
2020-10-18 19:30:11 | [INFO]    | Shard 0 : Received READY
2020-10-18 19:40:45 | [INFO]    | Discordia 2.8.4
2020-10-18 19:40:45 | [INFO]    | Connecting to Discord...
2020-10-18 19:40:45 | [INFO]    | Authenticated as RDCards#2517
2020-10-18 19:40:45 | [INFO]    | Launching shard 0 (1 out of 1)...
2020-10-18 19:40:45 | [INFO]    | Shard 0 : Connected to wss://gateway.discord.gg
2020-10-18 19:40:45 | [INFO]    | Shard 0 : Received HELLO
2020-10-18 19:40:45 | [INFO]    | Shard 0 : Received READY
2020-10-18 20:14:52 | [INFO]    | Discordia 2.8.4
2020-10-18 20:14:52 | [INFO]    | Connecting to Discord...
2020-10-18 20:14:52 | [INFO]    | Authenticated as RDCards#2517
2020-10-18 20:14:52 | [INFO]    | Launching shard 0 (1 out of 1)...
2020-10-18 20:14:52 | [INFO]    | Shard 0 : Connected to wss://gateway.discord.gg
2020-10-18 20:14:52 | [INFO]    | Shard 0 : Received HELLO
2020-10-18 20:14:52 | [INFO]    | Shard 0 : Received READY
2020-10-18 21:04:45 | [INFO]    | Discordia 2.8.4
2020-10-18 21:04:45 | [INFO]    | Connecting to Discord...
2020-10-18 21:04:45 | [INFO]    | Authenticated as RDCards#2517
2020-10-18 21:04:45 | [INFO]    | Launching shard 0 (1 out of 1)...
2020-10-18 21:04:45 | [INFO]    | Shard 0 : Connected to wss://gateway.discord.gg
2020-10-18 21:04:45 | [INFO]    | Shard 0 : Received HELLO
2020-10-18 21:04:45 | [INFO]    | Shard 0 : Received READY
2020-10-18 21:17:41 | [INFO]    | Discordia 2.8.4
2020-10-18 21:17:41 | [INFO]    | Connecting to Discord...
2020-10-18 21:17:42 | [INFO]    | Authenticated as RDCards#2517
2020-10-18 21:17:42 | [INFO]    | Launching shard 0 (1 out of 1)...
2020-10-18 21:17:43 | [INFO]    | Shard 0 : Connected to wss://gateway.discord.gg
2020-10-18 21:17:43 | [INFO]    | Shard 0 : Received HELLO
2020-10-18 21:17:43 | [INFO]    | Shard 0 : Received READY
2020-10-18 21:48:07 | [INFO]    | Discordia 2.8.4
2020-10-18 21:48:07 | [INFO]    | Connecting to Discord...
2020-10-18 21:48:07 | [INFO]    | Authenticated as RDCards#2517
2020-10-18 21:48:07 | [INFO]    | Launching shard 0 (1 out of 1)...
2020-10-18 21:48:07 | [INFO]    | Shard 0 : Connected to wss://gateway.discord.gg
2020-10-18 21:48:07 | [INFO]    | Shard 0 : Received HELLO
2020-10-18 21:48:07 | [INFO]    | Shard 0 : Received READY
2020-10-18 21:58:06 | [INFO]    | Discordia 2.8.4
2020-10-18 21:58:06 | [INFO]    | Connecting to Discord...
2020-10-18 21:58:06 | [INFO]    | Authenticated as RDCards#2517
2020-10-18 21:58:06 | [INFO]    | Launching shard 0 (1 out of 1)...
2020-10-18 21:58:06 | [INFO]    | Shard 0 : Connected to wss://gateway.discord.gg
2020-10-18 21:58:06 | [INFO]    | Shard 0 : Received HELLO
2020-10-18 21:58:06 | [INFO]    | Shard 0 : Received READY
2020-10-18 21:59:56 | [INFO]    | Discordia 2.8.4
2020-10-18 21:59:56 | [INFO]    | Connecting to Discord...
2020-10-18 21:59:56 | [INFO]    | Authenticated as RDCards#2517
2020-10-18 21:59:56 | [INFO]    | Launching shard 0 (1 out of 1)...
2020-10-18 21:59:57 | [INFO]    | Shard 0 : Connected to wss://gateway.discord.gg
2020-10-18 21:59:57 | [INFO]    | Shard 0 : Received HELLO
2020-10-18 21:59:57 | [INFO]    | Shard 0 : Received READY
2020-10-18 22:02:58 | [INFO]    | Discordia 2.8.4
2020-10-18 22:02:58 | [INFO]    | Connecting to Discord...
2020-10-18 22:02:59 | [INFO]    | Authenticated as RDCards#2517
2020-10-18 22:02:59 | [INFO]    | Launching shard 0 (1 out of 1)...
2020-10-18 22:02:59 | [INFO]    | Shard 0 : Connected to wss://gateway.discord.gg
2020-10-18 22:02:59 | [INFO]    | Shard 0 : Received HELLO
2020-10-18 22:02:59 | [INFO]    | Shard 0 : Received READY
2020-10-18 22:24:07 | [INFO]    | Discordia 2.8.4
2020-10-18 22:24:07 | [INFO]    | Connecting to Discord...
2020-10-18 22:24:07 | [INFO]    | Authenticated as RDCards#2517
2020-10-18 22:24:07 | [INFO]    | Launching shard 0 (1 out of 1)...
2020-10-18 22:24:07 | [INFO]    | Shard 0 : Connected to wss://gateway.discord.gg
2020-10-18 22:24:07 | [INFO]    | Shard 0 : Received HELLO
2020-10-18 22:24:07 | [INFO]    | Shard 0 : Received READY
2020-10-18 22:47:21 | [WARNING] | Shard 0 : 1000 - Connection closed
2020-10-18 22:47:21 | [INFO]    | Shard 0 : Disconnected
2020-10-18 22:47:22 | [INFO]    | Shard 0 : Reconnecting after 990 ms...
2020-10-18 22:47:22 | [INFO]    | Shard 0 : Connected to wss://gateway.discord.gg
2020-10-18 22:47:22 | [INFO]    | Shard 0 : Received HELLO
2020-10-18 22:47:23 | [INFO]    | Shard 0 : Received RESUMED
2020-10-18 22:54:19 | [INFO]    | Discordia 2.8.4
2020-10-18 22:54:19 | [INFO]    | Connecting to Discord...
2020-10-18 22:54:19 | [INFO]    | Authenticated as RDCards#2517
2020-10-18 22:54:19 | [INFO]    | Launching shard 0 (1 out of 1)...
2020-10-18 22:54:19 | [INFO]    | Shard 0 : Connected to wss://gateway.discord.gg
2020-10-18 22:54:19 | [INFO]    | Shard 0 : Received HELLO
2020-10-18 22:54:19 | [INFO]    | Shard 0 : Received READY
2020-10-18 22:55:59 | [INFO]    | Discordia 2.8.4
2020-10-18 22:55:59 | [INFO]    | Connecting to Discord...
2020-10-18 22:55:59 | [INFO]    | Authenticated as RDCards#2517
2020-10-18 22:55:59 | [INFO]    | Launching shard 0 (1 out of 1)...
2020-10-18 22:55:59 | [INFO]    | Shard 0 : Connected to wss://gateway.discord.gg
2020-10-18 22:55:59 | [INFO]    | Shard 0 : Received HELLO
2020-10-18 22:55:59 | [INFO]    | Shard 0 : Received READY
2020-10-18 22:56:42 | [INFO]    | Discordia 2.8.4
2020-10-18 22:56:42 | [INFO]    | Connecting to Discord...
2020-10-18 22:56:42 | [INFO]    | Authenticated as RDCards#2517
2020-10-18 22:56:42 | [INFO]    | Launching shard 0 (1 out of 1)...
2020-10-18 22:56:42 | [INFO]    | Shard 0 : Connected to wss://gateway.discord.gg
2020-10-18 22:56:42 | [INFO]    | Shard 0 : Received HELLO
2020-10-18 22:56:42 | [INFO]    | Shard 0 : Received READY
2020-10-18 22:57:52 | [INFO]    | Discordia 2.8.4
2020-10-18 22:57:52 | [INFO]    | Connecting to Discord...
2020-10-18 22:57:52 | [INFO]    | Authenticated as RDCards#2517
2020-10-18 22:57:52 | [INFO]    | Launching shard 0 (1 out of 1)...
2020-10-18 22:57:52 | [INFO]    | Shard 0 : Connected to wss://gateway.discord.gg
2020-10-18 22:57:52 | [INFO]    | Shard 0 : Received HELLO
2020-10-18 22:57:52 | [INFO]    | Shard 0 : Received READY
2020-10-18 22:59:03 | [INFO]    | Discordia 2.8.4
2020-10-18 22:59:03 | [INFO]    | Connecting to Discord...
2020-10-18 22:59:03 | [INFO]    | Authenticated as RDCards#2517
2020-10-18 22:59:03 | [INFO]    | Launching shard 0 (1 out of 1)...
2020-10-18 22:59:03 | [INFO]    | Shard 0 : Connected to wss://gateway.discord.gg
2020-10-18 22:59:03 | [INFO]    | Shard 0 : Received HELLO
2020-10-18 22:59:03 | [INFO]    | Shard 0 : Received READY
